Assembler report for CPU
Sat Jun 10 19:29:34 2023
Quartus Prime Version 21.1.1 Build 850 06/23/2022 SJ Lite Edition


---------------------
; Table of Contents ;
---------------------
  1. Legal Notice
  2. Assembler Summary
  3. Assembler Settings
  4. Assembler Generated Files
  5. Assembler Device Options: CPU.sof
  6. Assembler Device Options: CPU.pof
  7. Assembler Messages



----------------
; Legal Notice ;
----------------
Copyright (C) 2022  Intel Corporation. All rights reserved.
Your use of Intel Corporation's design tools, logic functions 
and other software and tools, and any partner logic 
functions, and any output files from any of the foregoing 
(including device programming or simulation files), and any 
associated documentation or information are expressly subject 
to the terms and conditions of the Intel Program License 
Subscription Agreement, the Intel Quartus Prime License Agreement,
the Intel FPGA IP License Agreement, or other applicable license
agreement, including, without limitation, that your use is for
the sole purpose of programming logic devices manufactured by
Intel and sold by Intel or its authorized distributors.  Please
refer to the applicable agreement for further details, at
https://fpgasoftware.intel.com/eula.



+---------------------------------------------------------------+
; Assembler Summary                                             ;
+-----------------------+---------------------------------------+
; Assembler Status      ; Successful - Sat Jun 10 19:29:34 2023 ;
; Revision Name         ; CPU                                   ;
; Top-level Entity Name ; DE0_CV_golden_top                     ;
; Family                ; Cyclone V                             ;
; Device                ; 5CEBA4F23C7                           ;
+-----------------------+---------------------------------------+


+----------------------------------+
; Assembler Settings               ;
+--------+---------+---------------+
; Option ; Setting ; Default Value ;
+--------+---------+---------------+


+-----------------------------------------------------------------------------+
; Assembler Generated Files                                                   ;
+-----------------------------------------------------------------------------+
; File Name                                                                   ;
+-----------------------------------------------------------------------------+
; /home/mast3r/git/notes/6th_semester/digitalDesign/fpga/output_files/CPU.sof ;
; /home/mast3r/git/notes/6th_semester/digitalDesign/fpga/output_files/CPU.pof ;
+-----------------------------------------------------------------------------+


+-----------------------------------+
; Assembler Device Options: CPU.sof ;
+----------------+------------------+
; Option         ; Setting          ;
+----------------+------------------+
; JTAG usercode  ; 0x004ECA2D       ;
; Checksum       ; 0x004ECA2D       ;
+----------------+------------------+


+-----------------------------------+
; Assembler Device Options: CPU.pof ;
+--------------------+--------------+
; Option             ; Setting      ;
+--------------------+--------------+
; JTAG usercode      ; 0x00000000   ;
; Checksum           ; 0x74B508A7   ;
; Compression Ratio  ; 3            ;
+--------------------+--------------+


+--------------------+
; Assembler Messages ;
+--------------------+
Info: *******************************************************************
Info: Running Quartus Prime Assembler
    Info: Version 21.1.1 Build 850 06/23/2022 SJ Lite Edition
    Info: Processing started: Sat Jun 10 19:29:30 2023
Info: Command: quartus_asm --read_settings_files=off --write_settings_files=off CPU -c CPU
Info (125069): Default assignment values were changed in the current version of the Quartus Prime software -- changes to default assignments values are contained in file /opt/intelFPGA/21.1/quartus/linux64/assignment_defaults.qdf
Warning (18236): Number of processors has not been specified which may cause overloading on shared machines.  Set the global assignment NUM_PARALLEL_PROCESSORS in your QSF to an appropriate value for best performance.
Info (115030): Assembler is generating device programming files
Info: Quartus Prime Assembler was successful. 0 errors, 1 warning
    Info: Peak virtual memory: 499 megabytes
    Info: Processing ended: Sat Jun 10 19:29:34 2023
    Info: Elapsed time: 00:00:04
    Info: Total CPU time (on all processors): 00:00:03


